#
# There is insufficient memory for the Java Runtime Environment to continue.
# Native memory allocation (malloc) failed to allocate 65552 bytes for Chunk::new
# Possible reasons:
#   The system is out of physical RAM or swap space
#   The process is running with CompressedOops enabled, and the Java Heap may be blocking the growth of the native heap
# Possible solutions:
#   Reduce memory load on the system
#   Increase physical memory or swap space
#   Check if swap backing store is full
#   Decrease Java heap size (-Xmx/-Xms)
#   Decrease number of Java threads
#   Decrease Java thread stack sizes (-Xss)
#   Set larger code cache with -XX:ReservedCodeCacheSize=
#   JVM is running with Zero Based Compressed Oops mode in which the Java heap is
#     placed in the first 32GB address space. The Java Heap base address is the
#     maximum limit for the native heap growth. Please use -XX:HeapBaseMinAddress
#     to set the Java Heap base and to place the Java Heap above 32GB virtual address.
# This output file may be truncated or incomplete.
#
#  Out of Memory Error (allocation.cpp:389), pid=4164, tid=0x0000000000000bd4
#
# JRE version: Java(TM) SE Runtime Environment (8.0_241-b07) (build 1.8.0_241-b07)
# Java VM: Java HotSpot(TM) 64-Bit Server VM (25.241-b07 mixed mode windows-amd64 compressed oops)
# Failed to write core dump. Minidumps are not enabled by default on client versions of Windows
#

---------------  T H R E A D  ---------------

Current thread (0x000000001c25a000):  JavaThread "C2 CompilerThread0" daemon [_thread_in_native, id=3028, stack(0x000000001d8a0000,0x000000001d9a0000)]

Stack: [0x000000001d8a0000,0x000000001d9a0000]
[error occurred during error reporting (printing stack bounds), id 0xc0000005]

Native frames: (J=compiled Java code, j=interpreted, Vv=VM code, C=native code)


Current CompileTask:
C2:  11140 3373  s    4       org.fusesource.jansi.AnsiOutputStream::write (871 bytes)


---------------  P R O C E S S  ---------------

Java Threads: ( => current thread )
  0x000000002094f000 JavaThread "Exec Input Stream Pumper" daemon [_thread_blocked, id=2664, stack(0x00000000214a0000,0x00000000215a0000)]
  0x0000000021b64800 JavaThread "Exec Stream Pumper" daemon [_thread_in_native, id=1764, stack(0x00000000213a0000,0x00000000214a0000)]
  0x000000001f8cf800 JavaThread "Exec Stream Pumper" daemon [_thread_in_native, id=1244, stack(0x00000000200b0000,0x00000000201b0000)]
  0x000000001c2ae800 JavaThread "Service Thread" daemon [_thread_blocked, id=14000, stack(0x000000001dfa0000,0x000000001e0a0000)]
  0x000000001c273800 JavaThread "C1 CompilerThread2" daemon [_thread_blocked, id=3472, stack(0x000000001daa0000,0x000000001dba0000)]
  0x000000001c261000 JavaThread "C2 CompilerThread1" daemon [_thread_blocked, id=15992, stack(0x000000001d9a0000,0x000000001daa0000)]
=>0x000000001c25a000 JavaThread "C2 CompilerThread0" daemon [_thread_in_native, id=3028, stack(0x000000001d8a0000,0x000000001d9a0000)]
  0x000000001c258800 JavaThread "Attach Listener" daemon [_thread_blocked, id=8532, stack(0x000000001d7a0000,0x000000001d8a0000)]
  0x000000001c257000 JavaThread "Signal Dispatcher" daemon [_thread_blocked, id=3684, stack(0x000000001d6a0000,0x000000001d7a0000)]
  0x0000000002bac800 JavaThread "Finalizer" daemon [_thread_blocked, id=15624, stack(0x000000001d4a0000,0x000000001d5a0000)]
  0x000000001c23a000 JavaThread "Reference Handler" daemon [_thread_blocked, id=4672, stack(0x000000001d3a0000,0x000000001d4a0000)]
  0x0000000002ab2800 JavaThread "main" [_thread_in_native, id=7812, stack(0x0000000002910000,0x0000000002a10000)]

Other Threads:
  0x000000001c217000 VMThread [stack: 0x000000001d2a0000,0x000000001d3a0000] [id=9316]
  0x000000001dbfb000 WatcherThread [stack: 0x000000001e0a0000,0x000000001e1a0000] [id=5748]

VM state:not at safepoint (normal execution)

VM Mutex/Monitor currently owned by a thread: None

heap address: 0x00000006c1a00000, size: 4070 MB, Compressed Oops mode: Zero based, Oop shift amount: 3
Narrow klass base: 0x0000000000000000, Narrow klass shift: 3
Compressed class space size: 1073741824 Address: 0x00000007c0000000

Heap:
 PSYoungGen      total 141824K, used 52789K [0x000000076b380000, 0x0000000774880000, 0x00000007c0000000)
  eden space 131072K, 32% used [0x000000076b380000,0x000000076dc954c0,0x0000000773380000)
  from space 10752K, 99% used [0x0000000773e00000,0x0000000774878020,0x0000000774880000)
  to   space 10752K, 0% used [0x0000000773380000,0x0000000773380000,0x0000000773e00000)
 ParOldGen       total 175104K, used 13253K [0x00000006c1a00000, 0x00000006cc500000, 0x000000076b380000)
  object space 175104K, 7% used [0x00000006c1a00000,0x00000006c26f1648,0x00000006cc500000)
 Metaspace       used 16922K, capacity 17350K, committed 17536K, reserved 1064960K
  class space    used 1976K, capacity 2092K, committed 2176K, reserved 1048576K

Card table byte_map: [0x0000000012030000,0x0000000012830000] byte_map_base: 0x000000000ea23000

Marking Bits: (ParMarkBitMap*) 0x000000006f8cbe30
 Begin Bits: [0x0000000013180000, 0x0000000017118000)
 End Bits:   [0x0000000017118000, 0x000000001b0b0000)

Polling page: 0x0000000000d30000

CodeCache: size=245760Kb used=11677Kb max_used=11696Kb free=234082Kb
 bounds [0x0000000002c70000, 0x00000000037f0000, 0x0000000011c70000]
 total_blobs=3713 nmethods=3353 adapters=272
 compilation: enabled

Compilation events (10 events):
Event: 4.348 Thread 0x000000001c25a000 3347       4       com.google.common.collect.Maps::newHashMap (8 bytes)
Event: 4.350 Thread 0x000000001c25a000 nmethod 3347 0x00000000037cd210 code [0x00000000037cd360, 0x00000000037cd418]
Event: 4.350 Thread 0x000000001c25a000 3348       4       com.google.inject.internal.InternalContext::<init> (29 bytes)
Event: 4.350 Thread 0x000000001c261000 nmethod 3274 0x00000000037dee90 code [0x00000000037df200, 0x00000000037e2f50]
Event: 4.352 Thread 0x000000001c25a000 nmethod 3348 0x00000000037cadd0 code [0x00000000037caf20, 0x00000000037cb178]
Event: 8.336 Thread 0x000000001c273800 3371  s    3       java.io.BufferedOutputStream::write (35 bytes)
Event: 8.336 Thread 0x000000001c273800 nmethod 3371 0x00000000037ce450 code [0x00000000037ce5e0, 0x00000000037ceaa8]
Event: 9.957 Thread 0x000000001c261000 3372   !   4       java.io.PrintStream::write (66 bytes)
Event: 9.962 Thread 0x000000001c261000 nmethod 3372 0x00000000037cd790 code [0x00000000037cd900, 0x00000000037ce078]
Event: 11.137 Thread 0x000000001c25a000 3373  s    4       org.fusesource.jansi.AnsiOutputStream::write (871 bytes)

GC Heap History (8 events):
Event: 1.307 GC heap before
{Heap before GC invocations=1 (full 0):
 PSYoungGen      total 76288K, used 65536K [0x000000076b380000, 0x0000000770880000, 0x00000007c0000000)
  eden space 65536K, 100% used [0x000000076b380000,0x000000076f380000,0x000000076f380000)
  from space 10752K, 0% used [0x000000076fe00000,0x000000076fe00000,0x0000000770880000)
  to   space 10752K, 0% used [0x000000076f380000,0x000000076f380000,0x000000076fe00000)
 ParOldGen       total 175104K, used 0K [0x00000006c1a00000, 0x00000006cc500000, 0x000000076b380000)
  object space 175104K, 0% used [0x00000006c1a00000,0x00000006c1a00000,0x00000006cc500000)
 Metaspace       used 11319K, capacity 11472K, committed 11776K, reserved 1058816K
  class space    used 1396K, capacity 1477K, committed 1536K, reserved 1048576K
Event: 1.317 GC heap after
Heap after GC invocations=1 (full 0):
 PSYoungGen      total 76288K, used 9562K [0x000000076b380000, 0x0000000770880000, 0x00000007c0000000)
  eden space 65536K, 0% used [0x000000076b380000,0x000000076b380000,0x000000076f380000)
  from space 10752K, 88% used [0x000000076f380000,0x000000076fcd6980,0x000000076fe00000)
  to   space 10752K, 0% used [0x000000076fe00000,0x000000076fe00000,0x0000000770880000)
 ParOldGen       total 175104K, used 16K [0x00000006c1a00000, 0x00000006cc500000, 0x000000076b380000)
  object space 175104K, 0% used [0x00000006c1a00000,0x00000006c1a04000,0x00000006cc500000)
 Metaspace       used 11319K, capacity 11472K, committed 11776K, reserved 1058816K
  class space    used 1396K, capacity 1477K, committed 1536K, reserved 1048576K
}
Event: 2.345 GC heap before
{Heap before GC invocations=2 (full 0):
 PSYoungGen      total 76288K, used 75098K [0x000000076b380000, 0x0000000770880000, 0x00000007c0000000)
  eden space 65536K, 100% used [0x000000076b380000,0x000000076f380000,0x000000076f380000)
  from space 10752K, 88% used [0x000000076f380000,0x000000076fcd6980,0x000000076fe00000)
  to   space 10752K, 0% used [0x000000076fe00000,0x000000076fe00000,0x0000000770880000)
 ParOldGen       total 175104K, used 16K [0x00000006c1a00000, 0x00000006cc500000, 0x000000076b380000)
  object space 175104K, 0% used [0x00000006c1a00000,0x00000006c1a04000,0x00000006cc500000)
 Metaspace       used 15120K, capacity 15394K, committed 15488K, reserved 1062912K
  class space    used 1827K, capacity 1913K, committed 1920K, reserved 1048576K
Event: 2.365 GC heap after
Heap after GC invocations=2 (full 0):
 PSYoungGen      total 76288K, used 10728K [0x000000076b380000, 0x0000000774880000, 0x00000007c0000000)
  eden space 65536K, 0% used [0x000000076b380000,0x000000076b380000,0x000000076f380000)
  from space 10752K, 99% used [0x000000076fe00000,0x000000077087a308,0x0000000770880000)
  to   space 10752K, 0% used [0x000000076f380000,0x000000076f380000,0x000000076fe00000)
 ParOldGen       total 175104K, used 1405K [0x00000006c1a00000, 0x00000006cc500000, 0x000000076b380000)
  object space 175104K, 0% used [0x00000006c1a00000,0x00000006c1b5f6d8,0x00000006cc500000)
 Metaspace       used 15120K, capacity 15394K, committed 15488K, reserved 1062912K
  class space    used 1827K, capacity 1913K, committed 1920K, reserved 1048576K
}
Event: 3.388 GC heap before
{Heap before GC invocations=3 (full 0):
 PSYoungGen      total 76288K, used 76264K [0x000000076b380000, 0x0000000774880000, 0x00000007c0000000)
  eden space 65536K, 100% used [0x000000076b380000,0x000000076f380000,0x000000076f380000)
  from space 10752K, 99% used [0x000000076fe00000,0x000000077087a308,0x0000000770880000)
  to   space 10752K, 0% used [0x000000076f380000,0x000000076f380000,0x000000076fe00000)
 ParOldGen       total 175104K, used 1405K [0x00000006c1a00000, 0x00000006cc500000, 0x000000076b380000)
  object space 175104K, 0% used [0x00000006c1a00000,0x00000006c1b5f6d8,0x00000006cc500000)
 Metaspace       used 15611K, capacity 15894K, committed 16128K, reserved 1062912K
  class space    used 1862K, capacity 1950K, committed 2048K, reserved 1048576K
Event: 3.404 GC heap after
Heap after GC invocations=3 (full 0):
 PSYoungGen      total 76288K, used 10720K [0x000000076b380000, 0x0000000774880000, 0x00000007c0000000)
  eden space 65536K, 0% used [0x000000076b380000,0x000000076b380000,0x000000076f380000)
  from space 10752K, 99% used [0x000000076f380000,0x000000076fdf8020,0x000000076fe00000)
  to   space 10752K, 0% used [0x0000000773e00000,0x0000000773e00000,0x0000000774880000)
 ParOldGen       total 175104K, used 6686K [0x00000006c1a00000, 0x00000006cc500000, 0x000000076b380000)
  object space 175104K, 3% used [0x00000006c1a00000,0x00000006c2087b88,0x00000006cc500000)
 Metaspace       used 15611K, capacity 15894K, committed 16128K, reserved 1062912K
  class space    used 1862K, capacity 1950K, committed 2048K, reserved 1048576K
}
Event: 3.801 GC heap before
{Heap before GC invocations=4 (full 0):
 PSYoungGen      total 76288K, used 76256K [0x000000076b380000, 0x0000000774880000, 0x00000007c0000000)
  eden space 65536K, 100% used [0x000000076b380000,0x000000076f380000,0x000000076f380000)
  from space 10752K, 99% used [0x000000076f380000,0x000000076fdf8020,0x000000076fe00000)
  to   space 10752K, 0% used [0x0000000773e00000,0x0000000773e00000,0x0000000774880000)
 ParOldGen       total 175104K, used 6686K [0x00000006c1a00000, 0x00000006cc500000, 0x000000076b380000)
  object space 175104K, 3% used [0x00000006c1a00000,0x00000006c2087b88,0x00000006cc500000)
 Metaspace       used 15887K, capacity 16180K, committed 16384K, reserved 1062912K
  class space    used 1865K, capacity 1955K, committed 2048K, reserved 1048576K
Event: 3.829 GC heap after
Heap after GC invocations=4 (full 0):
 PSYoungGen      total 141824K, used 10720K [0x000000076b380000, 0x0000000774880000, 0x00000007c0000000)
  eden space 131072K, 0% used [0x000000076b380000,0x000000076b380000,0x0000000773380000)
  from space 10752K, 99% used [0x0000000773e00000,0x0000000774878020,0x0000000774880000)
  to   space 10752K, 0% used [0x0000000773380000,0x0000000773380000,0x0000000773e00000)
 ParOldGen       total 175104K, used 13253K [0x00000006c1a00000, 0x00000006cc500000, 0x000000076b380000)
  object space 175104K, 7% used [0x00000006c1a00000,0x00000006c26f1648,0x00000006cc500000)
 Metaspace       used 15887K, capacity 16180K, committed 16384K, reserved 1062912K
  class space    used 1865K, capacity 1955K, committed 2048K, reserved 1048576K
}

Deoptimization events (10 events):
Event: 4.179 Thread 0x0000000002ab2800 Uncommon trap: reason=bimorphic action=maybe_recompile pc=0x00000000036dc308 method=java.util.AbstractCollection.toArray()[Ljava/lang/Object; @ 1
Event: 4.202 Thread 0x0000000002ab2800 Uncommon trap: reason=unstable_if action=reinterpret pc=0x0000000003244024 method=sun.net.www.protocol.jar.Handler.parseURL(Ljava/net/URL;Ljava/lang/String;II)V @ 116
Event: 4.243 Thread 0x0000000002ab2800 Uncommon trap: reason=bimorphic action=maybe_recompile pc=0x000000000333faac method=java.util.regex.Pattern$CharProperty.match(Ljava/util/regex/Matcher;ILjava/lang/CharSequence;)Z @ 37
Event: 4.250 Thread 0x0000000002ab2800 Uncommon trap: reason=bimorphic action=maybe_recompile pc=0x00000000036dc308 method=java.util.AbstractCollection.toArray()[Ljava/lang/Object; @ 1
Event: 4.252 Thread 0x0000000002ab2800 Uncommon trap: reason=null_check action=make_not_entrant pc=0x000000000375d01c method=com.google.inject.internal.InjectorImpl.callInContext(Lcom/google/inject/internal/ContextualCallable;)Ljava/lang/Object; @ 7
Event: 4.253 Thread 0x0000000002ab2800 Uncommon trap: reason=bimorphic action=maybe_recompile pc=0x00000000036dc308 method=java.util.AbstractCollection.toArray()[Ljava/lang/Object; @ 1
Event: 4.254 Thread 0x0000000002ab2800 Uncommon trap: reason=bimorphic action=maybe_recompile pc=0x00000000036dc308 method=java.util.AbstractCollection.toArray()[Ljava/lang/Object; @ 1
Event: 4.275 Thread 0x0000000002ab2800 Uncommon trap: reason=predicate action=maybe_recompile pc=0x00000000034237b4 method=java.util.StringTokenizer.skipDelimiters(I)I @ 17
Event: 4.275 Thread 0x0000000002ab2800 Uncommon trap: reason=unstable_if action=reinterpret pc=0x00000000036f1944 method=java.util.StringTokenizer.scanToken(I)I @ 96
Event: 4.275 Thread 0x0000000002ab2800 Uncommon trap: reason=unstable_if action=reinterpret pc=0x000000000338554c method=java.util.StringTokenizer.scanToken(I)I @ 96

Classes redefined (0 events):
No events

Internal exceptions (10 events):
Event: 1.864 Thread 0x0000000002ab2800 Implicit null exception at 0x0000000002e7bad6 to 0x0000000002e7be79
Event: 2.254 Thread 0x0000000002ab2800 Implicit null exception at 0x00000000032ef92f to 0x00000000032f0bb9
Event: 2.991 Thread 0x0000000002ab2800 Implicit null exception at 0x000000000304fe95 to 0x0000000003050099
Event: 2.991 Thread 0x0000000002ab2800 Implicit null exception at 0x0000000002f8ec6f to 0x0000000002f8ecd9
Event: 2.992 Thread 0x0000000002ab2800 Implicit null exception at 0x0000000002ffe09b to 0x0000000002ffe561
Event: 3.080 Thread 0x0000000002ab2800 Implicit null exception at 0x0000000003431b43 to 0x0000000003431d8d
Event: 3.360 Thread 0x0000000002ab2800 Implicit null exception at 0x00000000034a97dd to 0x00000000034a9e66
Event: 3.360 Thread 0x0000000002ab2800 Implicit null exception at 0x00000000034793e9 to 0x00000000034794fa
Event: 3.685 Thread 0x0000000002ab2800 Implicit null exception at 0x0000000003637e53 to 0x0000000003639acd
Event: 4.252 Thread 0x0000000002ab2800 Implicit null exception at 0x000000000375bd77 to 0x000000000375d00d

Events (10 events):
Event: 4.287 loading class org/apache/commons/exec/InputStreamPumper done
Event: 4.287 loading class java/io/PipedOutputStream
Event: 4.288 loading class java/io/PipedOutputStream done
Event: 4.288 loading class org/apache/commons/exec/StreamPumper
Event: 4.288 loading class org/apache/commons/exec/StreamPumper done
Event: 4.288 loading class org/apache/commons/exec/StreamPumper
Event: 4.288 loading class org/apache/commons/exec/StreamPumper done
Event: 4.288 Thread 0x000000001f8cf800 Thread added: 0x000000001f8cf800
Event: 4.288 Thread 0x0000000021b64800 Thread added: 0x0000000021b64800
Event: 4.288 Thread 0x000000002094f000 Thread added: 0x000000002094f000


Dynamic libraries:
0x00007ff637530000 - 0x00007ff637567000 	C:\Program Files\Java\jdk1.8.0_241\bin\java.exe
0x00007ff981a40000 - 0x00007ff981c2d000 	C:\Windows\SYSTEM32\ntdll.dll
0x00007ff97f840000 - 0x00007ff97f8f3000 	C:\Windows\System32\KERNEL32.DLL
0x00007ff97e9c0000 - 0x00007ff97ec55000 	C:\Windows\System32\KERNELBASE.dll
0x00007ff9815b0000 - 0x00007ff981653000 	C:\Windows\System32\ADVAPI32.dll
0x00007ff97f160000 - 0x00007ff97f1fe000 	C:\Windows\System32\msvcrt.dll
0x00007ff981510000 - 0x00007ff9815ae000 	C:\Windows\System32\sechost.dll
0x00007ff97fe30000 - 0x00007ff97ff52000 	C:\Windows\System32\RPCRT4.dll
0x00007ff981870000 - 0x00007ff981a07000 	C:\Windows\System32\USER32.dll
0x00007ff97e7c0000 - 0x00007ff97e7e0000 	C:\Windows\System32\win32u.dll
0x00007ff981840000 - 0x00007ff981869000 	C:\Windows\System32\GDI32.dll
0x00007ff97e5f0000 - 0x00007ff97e789000 	C:\Windows\System32\gdi32full.dll
0x00007ff97e550000 - 0x00007ff97e5f0000 	C:\Windows\System32\msvcp_win.dll
0x00007ff97db00000 - 0x00007ff97dbfa000 	C:\Windows\System32\ucrtbase.dll
0x00007ff96ee50000 - 0x00007ff96f0c9000 	C:\Windows\WinSxS\amd64_microsoft.windows.common-controls_6595b64144ccf1df_6.0.17763.1158_none_de722d88534a897f\COMCTL32.dll
0x00007ff97f3d0000 - 0x00007ff97f6fc000 	C:\Windows\System32\combase.dll
0x00007ff97e890000 - 0x00007ff97e90e000 	C:\Windows\System32\bcryptPrimitives.dll
0x00007ff97fd80000 - 0x00007ff97fdae000 	C:\Windows\System32\IMM32.DLL
0x000000006f950000 - 0x000000006fa22000 	C:\Program Files\Java\jdk1.8.0_241\jre\bin\msvcr100.dll
0x000000006f0a0000 - 0x000000006f94c000 	C:\Program Files\Java\jdk1.8.0_241\jre\bin\server\jvm.dll
0x00007ff97f700000 - 0x00007ff97f708000 	C:\Windows\System32\PSAPI.DLL
0x00007ff9602a0000 - 0x00007ff9602a9000 	C:\Windows\SYSTEM32\WSOCK32.dll
0x00007ff981660000 - 0x00007ff9816cd000 	C:\Windows\System32\WS2_32.dll
0x00007ff978ec0000 - 0x00007ff978ee4000 	C:\Windows\SYSTEM32\WINMM.dll
0x00007ff9764c0000 - 0x00007ff9764ca000 	C:\Windows\SYSTEM32\VERSION.dll
0x00007ff978e90000 - 0x00007ff978ebd000 	C:\Windows\SYSTEM32\WINMMBASE.dll
0x00007ff97e910000 - 0x00007ff97e95a000 	C:\Windows\System32\cfgmgr32.dll
0x00007ff979ba0000 - 0x00007ff979baf000 	C:\Program Files\Java\jdk1.8.0_241\jre\bin\verify.dll
0x00007ff96e9f0000 - 0x00007ff96ea19000 	C:\Program Files\Java\jdk1.8.0_241\jre\bin\java.dll
0x00007ff979b60000 - 0x00007ff979b76000 	C:\Program Files\Java\jdk1.8.0_241\jre\bin\zip.dll
0x00007ff980010000 - 0x00007ff981504000 	C:\Windows\System32\SHELL32.dll
0x00007ff97ff60000 - 0x00007ff980008000 	C:\Windows\System32\shcore.dll
0x00007ff97dc20000 - 0x00007ff97e36d000 	C:\Windows\System32\windows.storage.dll
0x00007ff97da50000 - 0x00007ff97da74000 	C:\Windows\System32\profapi.dll
0x00007ff97daa0000 - 0x00007ff97dafd000 	C:\Windows\System32\powrprof.dll
0x00007ff97f710000 - 0x00007ff97f762000 	C:\Windows\System32\shlwapi.dll
0x00007ff97da80000 - 0x00007ff97da91000 	C:\Windows\System32\kernel.appcore.dll
0x00007ff97dc00000 - 0x00007ff97dc17000 	C:\Windows\System32\cryptsp.dll
0x00007ff979af0000 - 0x00007ff979afa000 	C:\Users\neman\Downloads\apache-maven-3.5.2-bin\apache-maven-3.5.2\lib\jansi-native\windows64\jansi.dll
0x00007ff96ea50000 - 0x00007ff96ea6a000 	C:\Program Files\Java\jdk1.8.0_241\jre\bin\net.dll
0x00007ff97d2a0000 - 0x00007ff97d307000 	C:\Windows\system32\mswsock.dll
0x00007ff96d460000 - 0x00007ff96d472000 	C:\Program Files\Java\jdk1.8.0_241\jre\bin\nio.dll

VM Arguments:
jvm_args: -Dclassworlds.conf=C:\Users\neman\Downloads\apache-maven-3.5.2-bin\apache-maven-3.5.2\bin\..\bin\m2.conf -Dmaven.home=C:\Users\neman\Downloads\apache-maven-3.5.2-bin\apache-maven-3.5.2\bin\.. -Dlibrary.jansi.path=C:\Users\neman\Downloads\apache-maven-3.5.2-bin\apache-maven-3.5.2\bin\..\lib\jansi-native -Dmaven.multiModuleProjectDirectory=C:\Users\neman\Desktop\bookmaker\securityservice 
java_command: org.codehaus.plexus.classworlds.launcher.Launcher -Dexec.args=-classpath %classpath vf.securityService.securityService.SecurityServiceApplication -Dexec.executable=C:\Program Files\Java\jdk1.8.0_241\bin\java.exe -Dexec.classpathScope=runtime -Dmaven.ext.class.path=C:\Program Files\NetBeans-11.3\netbeans\java\maven-nblib\netbeans-eventspy.jar -Dfile.encoding=UTF-8 org.codehaus.mojo:exec-maven-plugin:1.5.0:exec
java_class_path (initial): C:\Users\neman\Downloads\apache-maven-3.5.2-bin\apache-maven-3.5.2\bin\..\boot\plexus-classworlds-2.5.2.jar
Launcher Type: SUN_STANDARD

Environment Variables:
JAVA_HOME=C:\Program Files\Java\jdk1.8.0_241
PATH=C:\Program Files (x86)\Common Files\Oracle\Java\javapath;C:\Windows\system32;C:\Windows;C:\Windows\System32\Wbem;C:\Windows\System32\WindowsPowerShell\v1.0\;C:\Windows\System32\OpenSSH\;C:\Program Files\dotnet\;C:\Program Files\Microsoft SQL Server\130\Tools\Binn\;C:\Program Files\Microsoft SQL Server\Client SDK\ODBC\170\Tools\Binn\;C:\Program Files\Microsoft SQL Server\110\Tools\Binn\;C:\Program Files\Microsoft SQL Server\120\Tools\Binn\;C:\Program Files\IBM\SPSS\Statistics\25\JRE\bin;C:\apache-maven-3.2.3\apache-maven\src\bin;C:\Program Files\Git\cmd;C:\Program Files\nodejs\;C:\Users\neman\AppData\Local\Microsoft\WindowsApps;C:\Users\neman\AppData\Local\Programs\Microsoft VS Code\bin;C:\Users\neman\AppData\Local\GitHubDesktop\bin;C:\Users\neman\AppData\Roaming\npm;C:\Users\neman\AppData\Roaming\npm;C:\Users\neman\AppData\Roaming\npm\node_modules\@angular\cli\bin;C:\kafka_2.12-2.0.0\bin\windows;
USERNAME=neman
OS=Windows_NT
PROCESSOR_IDENTIFIER=Intel64 Family 6 Model 78 Stepping 3, GenuineIntel



---------------  S Y S T E M  ---------------

OS: Windows 10.0 , 64 bit Build 17763 (10.0.17763.1158)

CPU:total 4 (initial active 4) (2 cores per cpu, 2 threads per core) family 6 model 78 stepping 3, cmov, cx8, fxsr, mmx, sse, sse2, sse3, ssse3, sse4.1, sse4.2, popcnt, avx, avx2, aes, clmul, erms, 3dnowpref, lzcnt, ht, tsc, tscinvbit, bmi1, bmi2, adx

Memory: 4k page, physical 16664480k(2720036k free), swap 16664480k(5124k free)

vm_info: Java HotSpot(TM) 64-Bit Server VM (25.241-b07) for windows-amd64 JRE (1.8.0_241-b07), built on Dec 11 2019 10:21:40 by "rejava" with MS VC++ 10.0 (VS2010)

time: Wed Apr 29 04:25:34 2020
timezone: Central Europe Daylight Time
elapsed time: 11 seconds (0d 0h 0m 11s)

